<?xml version="1.0" encoding="UTF-8"?>
<!-- Generated by org.testng.reporters.JUnitReportReporter -->
<testsuite skipped="0" hostname="Afzal-Rumon" name="testcases.LoginTest" tests="1" failures="0" timestamp="2021-05-31T03:54:10 EDT" time="6.457" errors="0">
  <testcase name="adminLogin" time="6.457" classname="testcases.LoginTest"/>
  <system-out/>
</testsuite> <!-- testcases.LoginTest -->
